# JRE version: OpenJDK Runtime Environment Temurin-21.0.8+9 (21.0.8+9) (build 21.0.8+9-LTS)
# Java VM: OpenJDK 64-Bit Server VM Temurin-21.0.8+9 (21.0.8+9-LTS, mixed mode, sharing, tiered, compressed oops, compressed class ptrs, parallel gc, windows-amd64)
GC Precious Log:
 CardTable entry size: 512
 CPUs: 8 total, 8 available
 Memory: 16223M
 Large Page Support: Disabled
 NUMA Support: Disabled
 Compressed Oops: Enabled (32-bit)
 Alignments: Space 512K, Generation 512K, Heap 2M
 Heap Min Capacity: 100M
 Heap Initial Capacity: 100M
 Heap Max Capacity: 2G
 Pre-touch: Disabled
 Parallel Workers: 8
Heap:
 PSYoungGen      total 9728K, used 3151K [0x00000000d5580000, 0x00000000d6280000, 0x0000000100000000)
  eden space 8704K, 25% used [0x00000000d5580000,0x00000000d57a3e08,0x00000000d5e00000)
  from space 1024K, 93% used [0x00000000d5f80000,0x00000000d6070020,0x00000000d6080000)
  to   space 1536K, 0% used [0x00000000d6100000,0x00000000d6100000,0x00000000d6280000)
 ParOldGen       total 840192K, used 839797K [0x0000000080000000, 0x00000000b3480000, 0x00000000d5580000)
  object space 840192K, 99% used [0x0000000080000000,0x00000000b341d4b8,0x00000000b3480000)
 Metaspace       used 76021K, committed 77696K, reserved 1179648K
  class space    used 7980K, committed 8704K, reserved 1048576K
GC Heap History (20 events):
Event: 207.141 GC heap before
{Heap before GC invocations=1055 (full 3):
 PSYoungGen      total 9216K, used 9014K [0x00000000d5580000, 0x00000000d6380000, 0x0000000100000000)
  eden space 5632K, 100% used [0x00000000d5580000,0x00000000d5b00000,0x00000000d5b00000)
  from space 3584K, 94% used [0x00000000d5b00000,0x00000000d5e4da48,0x00000000d5e80000)
  to   space 3584K, 0% used [0x00000000d6000000,0x00000000d6000000,0x00000000d6380000)
 ParOldGen       total 818176K, used 817989K [0x0000000080000000, 0x00000000b1f00000, 0x00000000d5580000)
  object space 818176K, 99% used [0x0000000080000000,0x00000000b1ed1738,0x00000000b1f00000)
 Metaspace       used 74652K, committed 76352K, reserved 1179648K
  class space    used 7892K, committed 8640K, reserved 1048576K
}
Event: 207.147 GC heap after
{Heap after GC invocations=1055 (full 3):
 PSYoungGen      total 10752K, used 2985K [0x00000000d5580000, 0x00000000d6380000, 0x0000000100000000)
  eden space 7168K, 0% used [0x00000000d5580000,0x00000000d5580000,0x00000000d5c80000)
  from space 3584K, 83% used [0x00000000d6000000,0x00000000d62ea7e0,0x00000000d6380000)
  to   space 3584K, 0% used [0x00000000d5c80000,0x00000000d5c80000,0x00000000d6000000)
 ParOldGen       total 821248K, used 821231K [0x0000000080000000, 0x00000000b2200000, 0x00000000d5580000)
  object space 821248K, 99% used [0x0000000080000000,0x00000000b21fbd90,0x00000000b2200000)
 Metaspace       used 74652K, committed 76352K, reserved 1179648K
  class space    used 7892K, committed 8640K, reserved 1048576K
}
Event: 207.175 GC heap before
{Heap before GC invocations=1056 (full 3):
 PSYoungGen      total 10752K, used 10153K [0x00000000d5580000, 0x00000000d6380000, 0x0000000100000000)
  eden space 7168K, 100% used [0x00000000d5580000,0x00000000d5c80000,0x00000000d5c80000)
  from space 3584K, 83% used [0x00000000d6000000,0x00000000d62ea7e0,0x00000000d6380000)
  to   space 3584K, 0% used [0x00000000d5c80000,0x00000000d5c80000,0x00000000d6000000)
 ParOldGen       total 821248K, used 821231K [0x0000000080000000, 0x00000000b2200000, 0x00000000d5580000)
  object space 821248K, 99% used [0x0000000080000000,0x00000000b21fbd90,0x00000000b2200000)
 Metaspace       used 74819K, committed 76480K, reserved 1179648K
  class space    used 7899K, committed 8640K, reserved 1048576K
}
Event: 207.181 GC heap after
{Heap after GC invocations=1056 (full 3):
 PSYoungGen      total 10752K, used 2412K [0x00000000d5580000, 0x00000000d6400000, 0x0000000100000000)
  eden space 7168K, 0% used [0x00000000d5580000,0x00000000d5580000,0x00000000d5c80000)
  from space 3584K, 67% used [0x00000000d5c80000,0x00000000d5edb080,0x00000000d6000000)
  to   space 3072K, 0% used [0x00000000d6100000,0x00000000d6100000,0x00000000d6400000)
 ParOldGen       total 824320K, used 824141K [0x0000000080000000, 0x00000000b2500000, 0x00000000d5580000)
  object space 824320K, 99% used [0x0000000080000000,0x00000000b24d3778,0x00000000b2500000)
 Metaspace       used 74819K, committed 76480K, reserved 1179648K
  class space    used 7899K, committed 8640K, reserved 1048576K
}
Event: 207.203 GC heap before
{Heap before GC invocations=1057 (full 3):
 PSYoungGen      total 10752K, used 9580K [0x00000000d5580000, 0x00000000d6400000, 0x0000000100000000)
  eden space 7168K, 100% used [0x00000000d5580000,0x00000000d5c80000,0x00000000d5c80000)
  from space 3584K, 67% used [0x00000000d5c80000,0x00000000d5edb080,0x00000000d6000000)
  to   space 3072K, 0% used [0x00000000d6100000,0x00000000d6100000,0x00000000d6400000)
 ParOldGen       total 824320K, used 824141K [0x0000000080000000, 0x00000000b2500000, 0x00000000d5580000)
  object space 824320K, 99% used [0x0000000080000000,0x00000000b24d3778,0x00000000b2500000)
 Metaspace       used 74845K, committed 76544K, reserved 1179648K
  class space    used 7899K, committed 8640K, reserved 1048576K
}
Event: 207.207 GC heap after
{Heap after GC invocations=1057 (full 3):
 PSYoungGen      total 11776K, used 2752K [0x00000000d5580000, 0x00000000d6400000, 0x0000000100000000)
  eden space 8704K, 0% used [0x00000000d5580000,0x00000000d5580000,0x00000000d5e00000)
  from space 3072K, 89% used [0x00000000d6100000,0x00000000d63b0000,0x00000000d6400000)
  to   space 3072K, 0% used [0x00000000d5e00000,0x00000000d5e00000,0x00000000d6100000)
 ParOldGen       total 826880K, used 826441K [0x0000000080000000, 0x00000000b2780000, 0x00000000d5580000)
  object space 826880K, 99% used [0x0000000080000000,0x00000000b27126c0,0x00000000b2780000)
 Metaspace       used 74845K, committed 76544K, reserved 1179648K
  class space    used 7899K, committed 8640K, reserved 1048576K
}
Event: 207.238 GC heap before
{Heap before GC invocations=1058 (full 3):
 PSYoungGen      total 11776K, used 11456K [0x00000000d5580000, 0x00000000d6400000, 0x0000000100000000)
  eden space 8704K, 100% used [0x00000000d5580000,0x00000000d5e00000,0x00000000d5e00000)
  from space 3072K, 89% used [0x00000000d6100000,0x00000000d63b0000,0x00000000d6400000)
  to   space 3072K, 0% used [0x00000000d5e00000,0x00000000d5e00000,0x00000000d6100000)
 ParOldGen       total 826880K, used 826441K [0x0000000080000000, 0x00000000b2780000, 0x00000000d5580000)
  object space 826880K, 99% used [0x0000000080000000,0x00000000b27126c0,0x00000000b2780000)
 Metaspace       used 74852K, committed 76544K, reserved 1179648K
  class space    used 7899K, committed 8640K, reserved 1048576K
}
Event: 207.244 GC heap after
{Heap after GC invocations=1058 (full 3):
 PSYoungGen      total 11776K, used 1968K [0x00000000d5580000, 0x00000000d6500000, 0x0000000100000000)
  eden space 8704K, 0% used [0x00000000d5580000,0x00000000d5580000,0x00000000d5e00000)
  from space 3072K, 64% used [0x00000000d5e00000,0x00000000d5fec010,0x00000000d6100000)
  to   space 2560K, 0% used [0x00000000d6280000,0x00000000d6280000,0x00000000d6500000)
 ParOldGen       total 829440K, used 829017K [0x0000000080000000, 0x00000000b2a00000, 0x00000000d5580000)
  object space 829440K, 99% used [0x0000000080000000,0x00000000b29966e0,0x00000000b2a00000)
 Metaspace       used 74852K, committed 76544K, reserved 1179648K
  class space    used 7899K, committed 8640K, reserved 1048576K
}
Event: 207.281 GC heap before
{Heap before GC invocations=1059 (full 3):
 PSYoungGen      total 11776K, used 10672K [0x00000000d5580000, 0x00000000d6500000, 0x0000000100000000)
  eden space 8704K, 100% used [0x00000000d5580000,0x00000000d5e00000,0x00000000d5e00000)
  from space 3072K, 64% used [0x00000000d5e00000,0x00000000d5fec010,0x00000000d6100000)
  to   space 2560K, 0% used [0x00000000d6280000,0x00000000d6280000,0x00000000d6500000)
 ParOldGen       total 829440K, used 829017K [0x0000000080000000, 0x00000000b2a00000, 0x00000000d5580000)
  object space 829440K, 99% used [0x0000000080000000,0x00000000b29966e0,0x00000000b2a00000)
 Metaspace       used 74870K, committed 76544K, reserved 1179648K
  class space    used 7899K, committed 8640K, reserved 1048576K
}
Event: 207.288 GC heap after
{Heap after GC invocations=1059 (full 3):
 PSYoungGen      total 10752K, used 1984K [0x00000000d5580000, 0x00000000d6480000, 0x0000000100000000)
  eden space 8704K, 0% used [0x00000000d5580000,0x00000000d5580000,0x00000000d5e00000)
  from space 2048K, 96% used [0x00000000d6280000,0x00000000d6470020,0x00000000d6480000)
  to   space 2048K, 0% used [0x00000000d6080000,0x00000000d6080000,0x00000000d6280000)
 ParOldGen       total 830976K, used 830857K [0x0000000080000000, 0x00000000b2b80000, 0x00000000d5580000)
  object space 830976K, 99% used [0x0000000080000000,0x00000000b2b62700,0x00000000b2b80000)
 Metaspace       used 74870K, committed 76544K, reserved 1179648K
  class space    used 7899K, committed 8640K, reserved 1048576K
}
Event: 207.353 GC heap before
{Heap before GC invocations=1060 (full 3):
 PSYoungGen      total 10752K, used 10688K [0x00000000d5580000, 0x00000000d6480000, 0x0000000100000000)
  eden space 8704K, 100% used [0x00000000d5580000,0x00000000d5e00000,0x00000000d5e00000)
  from space 2048K, 96% used [0x00000000d6280000,0x00000000d6470020,0x00000000d6480000)
  to   space 2048K, 0% used [0x00000000d6080000,0x00000000d6080000,0x00000000d6280000)
 ParOldGen       total 830976K, used 830857K [0x0000000080000000, 0x00000000b2b80000, 0x00000000d5580000)
  object space 830976K, 99% used [0x0000000080000000,0x00000000b2b62700,0x00000000b2b80000)
 Metaspace       used 74876K, committed 76544K, reserved 1179648K
  class space    used 7899K, committed 8640K, reserved 1048576K
}
Event: 207.360 GC heap after
{Heap after GC invocations=1060 (full 3):
 PSYoungGen      total 10752K, used 2032K [0x00000000d5580000, 0x00000000d6900000, 0x0000000100000000)
  eden space 8704K, 0% used [0x00000000d5580000,0x00000000d5580000,0x00000000d5e00000)
  from space 2048K, 99% used [0x00000000d6080000,0x00000000d627c010,0x00000000d6280000)
  to   space 5632K, 0% used [0x00000000d6380000,0x00000000d6380000,0x00000000d6900000)
 ParOldGen       total 834048K, used 833909K [0x0000000080000000, 0x00000000b2e80000, 0x00000000d5580000)
  object space 834048K, 99% used [0x0000000080000000,0x00000000b2e5d658,0x00000000b2e80000)
 Metaspace       used 74876K, committed 76544K, reserved 1179648K
  class space    used 7899K, committed 8640K, reserved 1048576K
}
Event: 207.518 GC heap before
{Heap before GC invocations=1061 (full 3):
 PSYoungGen      total 10752K, used 10736K [0x00000000d5580000, 0x00000000d6900000, 0x0000000100000000)
  eden space 8704K, 100% used [0x00000000d5580000,0x00000000d5e00000,0x00000000d5e00000)
  from space 2048K, 99% used [0x00000000d6080000,0x00000000d627c010,0x00000000d6280000)
  to   space 5632K, 0% used [0x00000000d6380000,0x00000000d6380000,0x00000000d6900000)
 ParOldGen       total 834048K, used 833909K [0x0000000080000000, 0x00000000b2e80000, 0x00000000d5580000)
  object space 834048K, 99% used [0x0000000080000000,0x00000000b2e5d658,0x00000000b2e80000)
 Metaspace       used 74964K, committed 76608K, reserved 1179648K
  class space    used 7900K, committed 8640K, reserved 1048576K
}
Event: 207.525 GC heap after
{Heap after GC invocations=1061 (full 3):
 PSYoungGen      total 11776K, used 2687K [0x00000000d5580000, 0x00000000d6680000, 0x0000000100000000)
  eden space 8704K, 0% used [0x00000000d5580000,0x00000000d5580000,0x00000000d5e00000)
  from space 3072K, 87% used [0x00000000d6380000,0x00000000d661fe70,0x00000000d6680000)
  to   space 3584K, 0% used [0x00000000d5f80000,0x00000000d5f80000,0x00000000d6300000)
 ParOldGen       total 836096K, used 835925K [0x0000000080000000, 0x00000000b3080000, 0x00000000d5580000)
  object space 836096K, 99% used [0x0000000080000000,0x00000000b3055678,0x00000000b3080000)
 Metaspace       used 74964K, committed 76608K, reserved 1179648K
  class space    used 7900K, committed 8640K, reserved 1048576K
}
Event: 207.641 GC heap before
{Heap before GC invocations=1062 (full 3):
 PSYoungGen      total 11776K, used 11391K [0x00000000d5580000, 0x00000000d6680000, 0x0000000100000000)
  eden space 8704K, 100% used [0x00000000d5580000,0x00000000d5e00000,0x00000000d5e00000)
  from space 3072K, 87% used [0x00000000d6380000,0x00000000d661fe70,0x00000000d6680000)
  to   space 3584K, 0% used [0x00000000d5f80000,0x00000000d5f80000,0x00000000d6300000)
 ParOldGen       total 836096K, used 835925K [0x0000000080000000, 0x00000000b3080000, 0x00000000d5580000)
  object space 836096K, 99% used [0x0000000080000000,0x00000000b3055678,0x00000000b3080000)
 Metaspace       used 75428K, committed 77056K, reserved 1179648K
  class space    used 7942K, committed 8640K, reserved 1048576K
}
Event: 207.647 GC heap after
{Heap after GC invocations=1062 (full 3):
 PSYoungGen      total 9728K, used 1012K [0x00000000d5580000, 0x00000000d6400000, 0x0000000100000000)
  eden space 8704K, 0% used [0x00000000d5580000,0x00000000d5580000,0x00000000d5e00000)
  from space 1024K, 98% used [0x00000000d5f80000,0x00000000d607d200,0x00000000d6080000)
  to   space 2048K, 0% used [0x00000000d6200000,0x00000000d6200000,0x00000000d6400000)
 ParOldGen       total 838656K, used 838445K [0x0000000080000000, 0x00000000b3300000, 0x00000000d5580000)
  object space 838656K, 99% used [0x0000000080000000,0x00000000b32cb5f0,0x00000000b3300000)
 Metaspace       used 75428K, committed 77056K, reserved 1179648K
  class space    used 7942K, committed 8640K, reserved 1048576K
}
Event: 207.686 GC heap before
{Heap before GC invocations=1063 (full 3):
 PSYoungGen      total 9728K, used 9716K [0x00000000d5580000, 0x00000000d6400000, 0x0000000100000000)
  eden space 8704K, 100% used [0x00000000d5580000,0x00000000d5e00000,0x00000000d5e00000)
  from space 1024K, 98% used [0x00000000d5f80000,0x00000000d607d200,0x00000000d6080000)
  to   space 2048K, 0% used [0x00000000d6200000,0x00000000d6200000,0x00000000d6400000)
 ParOldGen       total 838656K, used 838445K [0x0000000080000000, 0x00000000b3300000, 0x00000000d5580000)
  object space 838656K, 99% used [0x0000000080000000,0x00000000b32cb5f0,0x00000000b3300000)
 Metaspace       used 75666K, committed 77376K, reserved 1179648K
  class space    used 7962K, committed 8704K, reserved 1048576K
}
Event: 207.691 GC heap after
{Heap after GC invocations=1063 (full 3):
 PSYoungGen      total 9728K, used 608K [0x00000000d5580000, 0x00000000d6300000, 0x0000000100000000)
  eden space 8704K, 0% used [0x00000000d5580000,0x00000000d5580000,0x00000000d5e00000)
  from space 1024K, 59% used [0x00000000d6200000,0x00000000d6298000,0x00000000d6300000)
  to   space 1024K, 0% used [0x00000000d5f80000,0x00000000d5f80000,0x00000000d6080000)
 ParOldGen       total 839680K, used 839292K [0x0000000080000000, 0x00000000b3400000, 0x00000000d5580000)
  object space 839680K, 99% used [0x0000000080000000,0x00000000b339f3f0,0x00000000b3400000)
 Metaspace       used 75666K, committed 77376K, reserved 1179648K
  class space    used 7962K, committed 8704K, reserved 1048576K
}
Event: 207.853 GC heap before
{Heap before GC invocations=1064 (full 3):
 PSYoungGen      total 9728K, used 9312K [0x00000000d5580000, 0x00000000d6300000, 0x0000000100000000)
  eden space 8704K, 100% used [0x00000000d5580000,0x00000000d5e00000,0x00000000d5e00000)
  from space 1024K, 59% used [0x00000000d6200000,0x00000000d6298000,0x00000000d6300000)
  to   space 1024K, 0% used [0x00000000d5f80000,0x00000000d5f80000,0x00000000d6080000)
 ParOldGen       total 839680K, used 839292K [0x0000000080000000, 0x00000000b3400000, 0x00000000d5580000)
  object space 839680K, 99% used [0x0000000080000000,0x00000000b339f3f0,0x00000000b3400000)
 Metaspace       used 76001K, committed 77632K, reserved 1179648K
  class space    used 7976K, committed 8704K, reserved 1048576K
}
Event: 207.858 GC heap after
{Heap after GC invocations=1064 (full 3):
 PSYoungGen      total 9728K, used 960K [0x00000000d5580000, 0x00000000d6280000, 0x0000000100000000)
  eden space 8704K, 0% used [0x00000000d5580000,0x00000000d5580000,0x00000000d5e00000)
  from space 1024K, 93% used [0x00000000d5f80000,0x00000000d6070020,0x00000000d6080000)
  to   space 1536K, 0% used [0x00000000d6100000,0x00000000d6100000,0x00000000d6280000)
 ParOldGen       total 840192K, used 839797K [0x0000000080000000, 0x00000000b3480000, 0x00000000d5580000)
  object space 840192K, 99% used [0x0000000080000000,0x00000000b341d4b8,0x00000000b3480000)
 Metaspace       used 76001K, committed 77632K, reserved 1179648K
  class space    used 7976K, committed 8704K, reserved 1048576K
}

